<?xml version="1.0" encoding="UTF-8"?>
<!-- Generated by org.testng.reporters.JUnitReportReporter -->
<testsuite hostname="PRASHANTHI" failures="0" tests="3" name="infyni.cucumber2024may.runners.TestRunner" time="16.960" errors="0" timestamp="2024-05-26T21:01:12 IST" skipped="0">
  <testcase classname="infyni.cucumber2024may.runners.TestRunner" name="runScenario" time="4.256"/>
  <testcase classname="infyni.cucumber2024may.runners.TestRunner" name="runScenario" time="4.089"/>
  <testcase classname="infyni.cucumber2024may.runners.TestRunner" name="runScenario" time="8.615"/>
</testsuite> <!-- infyni.cucumber2024may.runners.TestRunner -->
